<?xml version="1.0" encoding="UTF-8"?>
<testng-results ignored="0" total="1" passed="0" failed="1" skipped="0">
  <reporter-output>
  </reporter-output>
  <suite started-at="2023-06-28T12:29:05 IST" name="Suite" finished-at="2023-06-28T12:29:27 IST" duration-ms="22650">
    <groups>
    </groups>
    <test started-at="2023-06-28T12:29:05 IST" name="Test" finished-at="2023-06-28T12:29:05 IST" duration-ms="18">
    </test> <!-- Test -->
    <test started-at="2023-06-28T12:29:05 IST" name="Test2" finished-at="2023-06-28T12:29:05 IST" duration-ms="2">
    </test> <!-- Test2 -->
    <test started-at="2023-06-28T12:29:05 IST" name="Test3" finished-at="2023-06-28T12:29:05 IST" duration-ms="1">
    </test> <!-- Test3 -->
    <test started-at="2023-06-28T12:29:05 IST" name="Test4" finished-at="2023-06-28T12:29:27 IST" duration-ms="22548">
      <class name="Transaction_list.duration_dropdownvalues">
        <test-method signature="f(java.lang.String,java.lang.String)[pri:0, instance:Transaction_list.duration_dropdownvalues@338fc1d8]" started-at="2023-06-28T12:29:05 IST" name="f" finished-at="2023-06-28T12:29:27 IST" duration-ms="22493" status="FAIL">
          <params>
            <param index="0">
              <value>
                <![CDATA[https://sandbox.swinkpay-fintech.com/mosv1]]>
              </value>
            </param>
            <param index="1">
              <value>
                <![CDATA[D:\chromedriver_win32 (11)\chromedriver.exe]]>
              </value>
            </param>
          </params>
          <exception class="org.openqa.selenium.support.ui.UnexpectedTagNameException">
            <message>
              <![CDATA[Element should have been "select" but was "div"
Build info: version: '4.9.0', revision: 'd7057100a6'
System info: os.name: 'Windows 11', os.arch: 'amd64', os.version: '10.0', java.version: '17.0.4'
Driver info: driver.version: unknown]]>
            </message>
            <full-stacktrace>
              <![CDATA[org.openqa.selenium.support.ui.UnexpectedTagNameException: Element should have been "select" but was "div"
Build info: version: '4.9.0', revision: 'd7057100a6'
System info: os.name: 'Windows 11', os.arch: 'amd64', os.version: '10.0', java.version: '17.0.4'
Driver info: driver.version: unknown
at org.openqa.selenium.support.ui.Select.<init>(Select.java:49)
at Transaction_list.duration_dropdownvalues.f(duration_dropdownvalues.java:39)
at java.base/jdk.internal.reflect.NativeMethodAccessorImpl.invoke0(Native Method)
at java.base/jdk.internal.reflect.NativeMethodAccessorImpl.invoke(NativeMethodAccessorImpl.java:77)
at java.base/jdk.internal.reflect.DelegatingMethodAccessorImpl.invoke(DelegatingMethodAccessorImpl.java:43)
at java.base/java.lang.reflect.Method.invoke(Method.java:568)
at org.testng.internal.invokers.MethodInvocationHelper.invokeMethod(MethodInvocationHelper.java:139)
at org.testng.internal.invokers.TestInvoker.invokeMethod(TestInvoker.java:677)
at org.testng.internal.invokers.TestInvoker.invokeTestMethod(TestInvoker.java:221)
at org.testng.internal.invokers.MethodRunner.runInSequence(MethodRunner.java:50)
at org.testng.internal.invokers.TestInvoker$MethodInvocationAgent.invoke(TestInvoker.java:969)
at org.testng.internal.invokers.TestInvoker.invokeTestMethods(TestInvoker.java:194)
at org.testng.internal.invokers.TestMethodWorker.invokeTestMethods(TestMethodWorker.java:148)
at org.testng.internal.invokers.TestMethodWorker.run(TestMethodWorker.java:128)
at java.base/java.util.ArrayList.forEach(ArrayList.java:1511)
at org.testng.TestRunner.privateRun(TestRunner.java:829)
at org.testng.TestRunner.run(TestRunner.java:602)
at org.testng.SuiteRunner.runTest(SuiteRunner.java:437)
at org.testng.SuiteRunner.runSequentially(SuiteRunner.java:431)
at org.testng.SuiteRunner.privateRun(SuiteRunner.java:391)
at org.testng.SuiteRunner.run(SuiteRunner.java:330)
at org.testng.SuiteRunnerWorker.runSuite(SuiteRunnerWorker.java:52)
at org.testng.SuiteRunnerWorker.run(SuiteRunnerWorker.java:95)
at org.testng.TestNG.runSuitesSequentially(TestNG.java:1256)
at org.testng.TestNG.runSuitesLocally(TestNG.java:1176)
at org.testng.TestNG.runSuites(TestNG.java:1099)
at org.testng.TestNG.run(TestNG.java:1067)
at org.testng.remote.AbstractRemoteTestNG.run(AbstractRemoteTestNG.java:115)
at org.testng.remote.RemoteTestNG.initAndRun(RemoteTestNG.java:251)
at org.testng.remote.RemoteTestNG.main(RemoteTestNG.java:77)
]]>
            </full-stacktrace>
          </exception> <!-- org.openqa.selenium.support.ui.UnexpectedTagNameException -->
          <reporter-output>
          </reporter-output>
        </test-method> <!-- f -->
      </class> <!-- Transaction_list.duration_dropdownvalues -->
    </test> <!-- Test4 -->
  </suite> <!-- Suite -->
</testng-results>
